<?xml version="1.0" encoding="UTF-8"?>
<!-- Generated by org.testng.reporters.JUnitReportReporter -->
<testsuite skipped="0" hostname="BDC6-DX-3R25N62" name="seleniumWDproject.TestMeAppRegister" tests="4" failures="0" timestamp="23 Apr 2019 09:14:13 GMT" time="9.053" errors="0">
  <testcase name="testRegister" time="2.502" classname="seleniumWDproject.TestMeAppRegister"/>
  <testcase name="TestLogin" time="0.431" classname="seleniumWDproject.TestMeAppRegister"/>
  <testcase name="testCart" time="4.310" classname="seleniumWDproject.TestMeAppRegister"/>
  <testcase name="testPayment" time="1.810" classname="seleniumWDproject.TestMeAppRegister"/>
</testsuite> <!-- seleniumWDproject.TestMeAppRegister -->
