<?xml version="1.0" encoding="UTF-8"?>
<!-- Generated by org.testng.reporters.JUnitReportReporter -->
<testsuite skipped="0" hostname="BDC6-DX-3R25N62" name="seleniumWDproject.seleniumTest" tests="1" failures="0" timestamp="17 Apr 2019 04:31:51 GMT" time="15.740" errors="0">
  <testcase name="testgooglepage" time="15.740" classname="seleniumWDproject.seleniumTest"/>
</testsuite> <!-- seleniumWDproject.seleniumTest -->
