<?xml version="1.0" encoding="UTF-8"?>
<!-- Generated by org.testng.reporters.JUnitReportReporter -->
<testsuite skipped="0" hostname="BDC6-DX-3R25N62" name="seleniumWDproject.new_file" tests="1" failures="0" timestamp="22 Apr 2019 07:14:03 GMT" time="0.788" errors="0">
  <testcase name="testreadexcel" time="0.788" classname="seleniumWDproject.new_file"/>
</testsuite> <!-- seleniumWDproject.new_file -->
