<?xml version="1.0" encoding="UTF-8"?>
<!-- Generated by org.testng.reporters.JUnitReportReporter -->
<testsuite skipped="1" hostname="BDC6-DX-3R25N62" name="seleniumWDproject.TestMeAppSignin" tests="1" failures="0" timestamp="22 Apr 2019 07:21:25 GMT" time="0.000" errors="0">
  <testcase name="TestLogin" time="0.000" classname="seleniumWDproject.TestMeAppSignin">
    <skipped/>
  </testcase> <!-- TestLogin -->
</testsuite> <!-- seleniumWDproject.TestMeAppSignin -->
